{"D:\\КУРСЫ NODE\\JS_TS\\src\\1\\type.ts": {"path":"D:\\КУРСЫ NODE\\JS_TS\\src\\1\\type.ts","statementMap":{"0":{"start":{"line":1,"column":0},"end":{"line":1,"column":null}},"1":{"start":{"line":2,"column":2},"end":{"line":2,"column":null}},"2":{"start":{"line":3,"column":2},"end":{"line":3,"column":null}},"3":{"start":{"line":4,"column":2},"end":{"line":4,"column":null}},"4":{"start":{"line":17,"column":19},"end":{"line":23,"column":2}},"5":{"start":{"line":25,"column":23},"end":{"line":29,"column":2}}},"fnMap":{"0":{"name":"(anonymous_0)","decl":{"start":{"line":1,"column":0},"end":{"line":1,"column":12}},"loc":{"start":{"line":1,"column":22},"end":{"line":5,"column":1}}}},"branchMap":{"0":{"loc":{"start":{"line":1,"column":12},"end":{"line":1,"column":null}},"type":"binary-expr","locations":[{"start":{"line":1,"column":12},"end":{"line":1,"column":22}},{"start":{"line":1,"column":22},"end":{"line":1,"column":null}}]}},"s":{"0":7,"1":7,"2":7,"3":7,"4":7,"5":7},"f":{"0":7},"b":{"0":[7,7]}}
,"D:\\КУРСЫ NODE\\JS_TS\\src\\2\\array-helpers.ts": {"path":"D:\\КУРСЫ NODE\\JS_TS\\src\\2\\array-helpers.ts","statementMap":{"0":{"start":{"line":5,"column":0},"end":{"line":5,"column":16}},"1":{"start":{"line":22,"column":0},"end":{"line":22,"column":16}},"2":{"start":{"line":41,"column":0},"end":{"line":41,"column":16}},"3":{"start":{"line":59,"column":0},"end":{"line":59,"column":16}},"4":{"start":{"line":82,"column":0},"end":{"line":82,"column":16}},"5":{"start":{"line":9,"column":2},"end":{"line":11,"column":3}},"6":{"start":{"line":10,"column":4},"end":{"line":10,"column":60}},"7":{"start":{"line":12,"column":22},"end":{"line":12,"column":24}},"8":{"start":{"line":13,"column":14},"end":{"line":13,"column":15}},"9":{"start":{"line":14,"column":2},"end":{"line":17,"column":3}},"10":{"start":{"line":15,"column":4},"end":{"line":15,"column":37}},"11":{"start":{"line":16,"column":4},"end":{"line":16,"column":12}},"12":{"start":{"line":19,"column":2},"end":{"line":19,"column":16}},"13":{"start":{"line":26,"column":2},"end":{"line":28,"column":3}},"14":{"start":{"line":27,"column":4},"end":{"line":27,"column":60}},"15":{"start":{"line":30,"column":22},"end":{"line":30,"column":24}},"16":{"start":{"line":31,"column":14},"end":{"line":31,"column":15}},"17":{"start":{"line":32,"column":2},"end":{"line":37,"column":3}},"18":{"start":{"line":33,"column":4},"end":{"line":35,"column":5}},"19":{"start":{"line":34,"column":6},"end":{"line":34,"column":24}},"20":{"start":{"line":36,"column":4},"end":{"line":36,"column":12}},"21":{"start":{"line":38,"column":2},"end":{"line":38,"column":16}},"22":{"start":{"line":46,"column":2},"end":{"line":48,"column":3}},"23":{"start":{"line":47,"column":4},"end":{"line":47,"column":60}},"24":{"start":{"line":50,"column":15},"end":{"line":50,"column":22}},"25":{"start":{"line":51,"column":14},"end":{"line":51,"column":15}},"26":{"start":{"line":52,"column":2},"end":{"line":55,"column":3}},"27":{"start":{"line":53,"column":4},"end":{"line":53,"column":36}},"28":{"start":{"line":54,"column":4},"end":{"line":54,"column":12}},"29":{"start":{"line":56,"column":2},"end":{"line":56,"column":13}},"30":{"start":{"line":63,"column":2},"end":{"line":65,"column":3}},"31":{"start":{"line":64,"column":4},"end":{"line":64,"column":60}},"32":{"start":{"line":67,"column":25},"end":{"line":67,"column":27}},"33":{"start":{"line":68,"column":26},"end":{"line":68,"column":28}},"34":{"start":{"line":69,"column":14},"end":{"line":69,"column":15}},"35":{"start":{"line":70,"column":2},"end":{"line":78,"column":3}},"36":{"start":{"line":71,"column":4},"end":{"line":73,"column":5}},"37":{"start":{"line":72,"column":6},"end":{"line":72,"column":29}},"38":{"start":{"line":74,"column":4},"end":{"line":76,"column":5}},"39":{"start":{"line":75,"column":6},"end":{"line":75,"column":30}},"40":{"start":{"line":77,"column":4},"end":{"line":77,"column":12}},"41":{"start":{"line":79,"column":2},"end":{"line":79,"column":37}},"42":{"start":{"line":86,"column":2},"end":{"line":88,"column":3}},"43":{"start":{"line":87,"column":4},"end":{"line":87,"column":60}},"44":{"start":{"line":90,"column":15},"end":{"line":90,"column":35}},"45":{"start":{"line":91,"column":2},"end":{"line":99,"column":3}},"46":{"start":{"line":92,"column":14},"end":{"line":92,"column":31}},"47":{"start":{"line":93,"column":4},"end":{"line":95,"column":5}},"48":{"start":{"line":94,"column":6},"end":{"line":94,"column":29}},"49":{"start":{"line":96,"column":4},"end":{"line":98,"column":5}},"50":{"start":{"line":97,"column":6},"end":{"line":97,"column":27}},"51":{"start":{"line":100,"column":2},"end":{"line":100,"column":16}}},"fnMap":{"0":{"name":"mapArray","decl":{"start":{"line":5,"column":16},"end":{"line":5,"column":24}},"loc":{"start":{"line":7,"column":39},"end":{"line":20,"column":1}}},"1":{"name":"filterArray","decl":{"start":{"line":22,"column":16},"end":{"line":22,"column":27}},"loc":{"start":{"line":24,"column":48},"end":{"line":39,"column":1}}},"2":{"name":"reduceArray","decl":{"start":{"line":41,"column":16},"end":{"line":41,"column":27}},"loc":{"start":{"line":44,"column":12},"end":{"line":57,"column":1}}},"3":{"name":"partition","decl":{"start":{"line":59,"column":16},"end":{"line":59,"column":25}},"loc":{"start":{"line":61,"column":33},"end":{"line":80,"column":1}}},"4":{"name":"groupBy","decl":{"start":{"line":82,"column":16},"end":{"line":82,"column":23}},"loc":{"start":{"line":84,"column":29},"end":{"line":101,"column":1}}}},"branchMap":{"0":{"loc":{"start":{"line":9,"column":2},"end":{"line":11,"column":3}},"type":"if","locations":[{"start":{"line":9,"column":2},"end":{"line":11,"column":3}},{"start":{},"end":{}}]},"1":{"loc":{"start":{"line":9,"column":6},"end":{"line":9,"column":43}},"type":"binary-expr","locations":[{"start":{"line":9,"column":6},"end":{"line":9,"column":20}},{"start":{"line":9,"column":24},"end":{"line":9,"column":43}}]},"2":{"loc":{"start":{"line":26,"column":2},"end":{"line":28,"column":3}},"type":"if","locations":[{"start":{"line":26,"column":2},"end":{"line":28,"column":3}},{"start":{},"end":{}}]},"3":{"loc":{"start":{"line":26,"column":6},"end":{"line":26,"column":43}},"type":"binary-expr","locations":[{"start":{"line":26,"column":6},"end":{"line":26,"column":20}},{"start":{"line":26,"column":24},"end":{"line":26,"column":43}}]},"4":{"loc":{"start":{"line":33,"column":4},"end":{"line":35,"column":5}},"type":"if","locations":[{"start":{"line":33,"column":4},"end":{"line":35,"column":5}},{"start":{},"end":{}}]},"5":{"loc":{"start":{"line":46,"column":2},"end":{"line":48,"column":3}},"type":"if","locations":[{"start":{"line":46,"column":2},"end":{"line":48,"column":3}},{"start":{},"end":{}}]},"6":{"loc":{"start":{"line":46,"column":6},"end":{"line":46,"column":43}},"type":"binary-expr","locations":[{"start":{"line":46,"column":6},"end":{"line":46,"column":20}},{"start":{"line":46,"column":24},"end":{"line":46,"column":43}}]},"7":{"loc":{"start":{"line":63,"column":2},"end":{"line":65,"column":3}},"type":"if","locations":[{"start":{"line":63,"column":2},"end":{"line":65,"column":3}},{"start":{},"end":{}}]},"8":{"loc":{"start":{"line":63,"column":6},"end":{"line":63,"column":43}},"type":"binary-expr","locations":[{"start":{"line":63,"column":6},"end":{"line":63,"column":20}},{"start":{"line":63,"column":24},"end":{"line":63,"column":43}}]},"9":{"loc":{"start":{"line":71,"column":4},"end":{"line":73,"column":5}},"type":"if","locations":[{"start":{"line":71,"column":4},"end":{"line":73,"column":5}},{"start":{},"end":{}}]},"10":{"loc":{"start":{"line":74,"column":4},"end":{"line":76,"column":5}},"type":"if","locations":[{"start":{"line":74,"column":4},"end":{"line":76,"column":5}},{"start":{},"end":{}}]},"11":{"loc":{"start":{"line":86,"column":2},"end":{"line":88,"column":3}},"type":"if","locations":[{"start":{"line":86,"column":2},"end":{"line":88,"column":3}},{"start":{},"end":{}}]},"12":{"loc":{"start":{"line":86,"column":6},"end":{"line":86,"column":43}},"type":"binary-expr","locations":[{"start":{"line":86,"column":6},"end":{"line":86,"column":20}},{"start":{"line":86,"column":24},"end":{"line":86,"column":43}}]},"13":{"loc":{"start":{"line":93,"column":4},"end":{"line":95,"column":5}},"type":"if","locations":[{"start":{"line":93,"column":4},"end":{"line":95,"column":5}},{"start":{},"end":{}}]},"14":{"loc":{"start":{"line":96,"column":4},"end":{"line":98,"column":5}},"type":"if","locations":[{"start":{"line":96,"column":4},"end":{"line":98,"column":5}},{"start":{},"end":{}}]}},"s":{"0":1,"1":1,"2":1,"3":1,"4":1,"5":1,"6":0,"7":1,"8":1,"9":1,"10":4,"11":4,"12":1,"13":1,"14":0,"15":1,"16":1,"17":1,"18":4,"19":2,"20":4,"21":1,"22":1,"23":0,"24":1,"25":1,"26":1,"27":4,"28":4,"29":1,"30":1,"31":0,"32":1,"33":1,"34":1,"35":1,"36":4,"37":2,"38":4,"39":2,"40":4,"41":1,"42":1,"43":0,"44":1,"45":1,"46":3,"47":3,"48":1,"49":3,"50":2,"51":1},"f":{"0":1,"1":1,"2":1,"3":1,"4":1},"b":{"0":[0,1],"1":[1,1],"2":[0,1],"3":[1,1],"4":[2,2],"5":[0,1],"6":[1,1],"7":[0,1],"8":[1,1],"9":[2,2],"10":[2,2],"11":[0,1],"12":[1,1],"13":[1,2],"14":[2,1]}}
,"D:\\КУРСЫ NODE\\JS_TS\\src\\3\\todo-factory.ts": {"path":"D:\\КУРСЫ NODE\\JS_TS\\src\\3\\todo-factory.ts","statementMap":{"0":{"start":{"line":5,"column":0},"end":{"line":5,"column":16}},"1":{"start":{"line":1,"column":0},"end":{"line":1,"column":54}},"2":{"start":{"line":3,"column":13},"end":{"line":3,"column":14}},"3":{"start":{"line":6,"column":2},"end":{"line":8,"column":3}},"4":{"start":{"line":7,"column":4},"end":{"line":7,"column":34}},"5":{"start":{"line":10,"column":2},"end":{"line":16,"column":4}}},"fnMap":{"0":{"name":"createTodo","decl":{"start":{"line":5,"column":16},"end":{"line":5,"column":26}},"loc":{"start":{"line":5,"column":41},"end":{"line":17,"column":1}}}},"branchMap":{"0":{"loc":{"start":{"line":6,"column":2},"end":{"line":8,"column":3}},"type":"if","locations":[{"start":{"line":6,"column":2},"end":{"line":8,"column":3}},{"start":{},"end":{}}]},"1":{"loc":{"start":{"line":13,"column":17},"end":{"line":13,"column":40}},"type":"binary-expr","locations":[{"start":{"line":13,"column":17},"end":{"line":13,"column":34}},{"start":{"line":13,"column":38},"end":{"line":13,"column":40}}]},"2":{"loc":{"start":{"line":14,"column":12},"end":{"line":14,"column":46}},"type":"binary-expr","locations":[{"start":{"line":14,"column":12},"end":{"line":14,"column":24}},{"start":{"line":14,"column":28},"end":{"line":14,"column":46}}]}},"s":{"0":3,"1":3,"2":3,"3":5,"4":0,"5":5},"f":{"0":5},"b":{"0":[0,5],"1":[5,4],"2":[5,5]}}
,"D:\\КУРСЫ NODE\\JS_TS\\src\\4\\todo-crud.ts": {"path":"D:\\КУРСЫ NODE\\JS_TS\\src\\4\\todo-crud.ts","statementMap":{"0":{"start":{"line":3,"column":0},"end":{"line":3,"column":16}},"1":{"start":{"line":10,"column":0},"end":{"line":10,"column":16}},"2":{"start":{"line":26,"column":0},"end":{"line":26,"column":16}},"3":{"start":{"line":33,"column":0},"end":{"line":33,"column":16}},"4":{"start":{"line":4,"column":2},"end":{"line":6,"column":3}},"5":{"start":{"line":5,"column":4},"end":{"line":5,"column":34}},"6":{"start":{"line":7,"column":2},"end":{"line":7,"column":26}},"7":{"start":{"line":15,"column":2},"end":{"line":17,"column":3}},"8":{"start":{"line":16,"column":4},"end":{"line":16,"column":34}},"9":{"start":{"line":18,"column":2},"end":{"line":23,"column":5}},"10":{"start":{"line":19,"column":4},"end":{"line":21,"column":5}},"11":{"start":{"line":20,"column":6},"end":{"line":20,"column":35}},"12":{"start":{"line":22,"column":4},"end":{"line":22,"column":15}},"13":{"start":{"line":27,"column":2},"end":{"line":29,"column":3}},"14":{"start":{"line":28,"column":4},"end":{"line":28,"column":34}},"15":{"start":{"line":30,"column":2},"end":{"line":30,"column":48}},"16":{"start":{"line":30,"column":32},"end":{"line":30,"column":46}},"17":{"start":{"line":34,"column":2},"end":{"line":34,"column":44}},"18":{"start":{"line":34,"column":29},"end":{"line":34,"column":42}}},"fnMap":{"0":{"name":"addTodo","decl":{"start":{"line":3,"column":16},"end":{"line":3,"column":23}},"loc":{"start":{"line":3,"column":49},"end":{"line":8,"column":1}}},"1":{"name":"updateTodo","decl":{"start":{"line":10,"column":16},"end":{"line":10,"column":26}},"loc":{"start":{"line":13,"column":49},"end":{"line":24,"column":1}}},"2":{"name":"(anonymous_2)","decl":{"start":{"line":18,"column":19},"end":{"line":18,"column":20}},"loc":{"start":{"line":18,"column":27},"end":{"line":23,"column":3}}},"3":{"name":"removeTodo","decl":{"start":{"line":26,"column":16},"end":{"line":26,"column":26}},"loc":{"start":{"line":26,"column":52},"end":{"line":31,"column":1}}},"4":{"name":"(anonymous_4)","decl":{"start":{"line":30,"column":22},"end":{"line":30,"column":23}},"loc":{"start":{"line":30,"column":32},"end":{"line":30,"column":46}}},"5":{"name":"getTodo","decl":{"start":{"line":33,"column":16},"end":{"line":33,"column":23}},"loc":{"start":{"line":33,"column":49},"end":{"line":35,"column":1}}},"6":{"name":"(anonymous_6)","decl":{"start":{"line":34,"column":20},"end":{"line":34,"column":21}},"loc":{"start":{"line":34,"column":29},"end":{"line":34,"column":42}}}},"branchMap":{"0":{"loc":{"start":{"line":4,"column":2},"end":{"line":6,"column":3}},"type":"if","locations":[{"start":{"line":4,"column":2},"end":{"line":6,"column":3}},{"start":{},"end":{}}]},"1":{"loc":{"start":{"line":4,"column":6},"end":{"line":4,"column":41}},"type":"binary-expr","locations":[{"start":{"line":4,"column":6},"end":{"line":4,"column":19}},{"start":{"line":4,"column":23},"end":{"line":4,"column":41}}]},"2":{"loc":{"start":{"line":15,"column":2},"end":{"line":17,"column":3}},"type":"if","locations":[{"start":{"line":15,"column":2},"end":{"line":17,"column":3}},{"start":{},"end":{}}]},"3":{"loc":{"start":{"line":15,"column":6},"end":{"line":15,"column":43}},"type":"binary-expr","locations":[{"start":{"line":15,"column":6},"end":{"line":15,"column":20}},{"start":{"line":15,"column":24},"end":{"line":15,"column":43}}]},"4":{"loc":{"start":{"line":19,"column":4},"end":{"line":21,"column":5}},"type":"if","locations":[{"start":{"line":19,"column":4},"end":{"line":21,"column":5}},{"start":{},"end":{}}]},"5":{"loc":{"start":{"line":27,"column":2},"end":{"line":29,"column":3}},"type":"if","locations":[{"start":{"line":27,"column":2},"end":{"line":29,"column":3}},{"start":{},"end":{}}]},"6":{"loc":{"start":{"line":27,"column":6},"end":{"line":27,"column":43}},"type":"binary-expr","locations":[{"start":{"line":27,"column":6},"end":{"line":27,"column":20}},{"start":{"line":27,"column":24},"end":{"line":27,"column":43}}]}},"s":{"0":1,"1":1,"2":1,"3":1,"4":4,"5":0,"6":4,"7":1,"8":0,"9":1,"10":1,"11":1,"12":0,"13":1,"14":0,"15":1,"16":1,"17":1,"18":1},"f":{"0":4,"1":1,"2":1,"3":1,"4":1,"5":1,"6":1},"b":{"0":[0,4],"1":[4,4],"2":[0,1],"3":[1,1],"4":[1,0],"5":[0,1],"6":[1,1]}}
,"D:\\КУРСЫ NODE\\JS_TS\\src\\5\\todo-bulk.ts": {"path":"D:\\КУРСЫ NODE\\JS_TS\\src\\5\\todo-bulk.ts","statementMap":{"0":{"start":{"line":3,"column":0},"end":{"line":3,"column":16}},"1":{"start":{"line":21,"column":0},"end":{"line":21,"column":16}},"2":{"start":{"line":29,"column":0},"end":{"line":29,"column":16}},"3":{"start":{"line":1,"column":0},"end":{"line":1,"column":45}},"4":{"start":{"line":4,"column":2},"end":{"line":6,"column":3}},"5":{"start":{"line":5,"column":4},"end":{"line":5,"column":30}},"6":{"start":{"line":8,"column":23},"end":{"line":17,"column":4}},"7":{"start":{"line":9,"column":22},"end":{"line":9,"column":75}},"8":{"start":{"line":10,"column":4},"end":{"line":16,"column":6}},"9":{"start":{"line":18,"column":2},"end":{"line":18,"column":16}},"10":{"start":{"line":22,"column":2},"end":{"line":24,"column":3}},"11":{"start":{"line":23,"column":4},"end":{"line":23,"column":30}},"12":{"start":{"line":25,"column":15},"end":{"line":25,"column":79}},"13":{"start":{"line":25,"column":40},"end":{"line":25,"column":78}},"14":{"start":{"line":26,"column":2},"end":{"line":26,"column":16}},"15":{"start":{"line":30,"column":21},"end":{"line":30,"column":65}},"16":{"start":{"line":30,"column":43},"end":{"line":30,"column":64}},"17":{"start":{"line":31,"column":19},"end":{"line":31,"column":38}},"18":{"start":{"line":32,"column":2},"end":{"line":32,"column":20}}},"fnMap":{"0":{"name":"toggleAll","decl":{"start":{"line":3,"column":16},"end":{"line":3,"column":25}},"loc":{"start":{"line":3,"column":59},"end":{"line":19,"column":1}}},"1":{"name":"(anonymous_1)","decl":{"start":{"line":8,"column":33},"end":{"line":8,"column":34}},"loc":{"start":{"line":8,"column":44},"end":{"line":17,"column":3}}},"2":{"name":"clearCompleted","decl":{"start":{"line":21,"column":16},"end":{"line":21,"column":30}},"loc":{"start":{"line":21,"column":44},"end":{"line":27,"column":1}}},"3":{"name":"(anonymous_3)","decl":{"start":{"line":25,"column":28},"end":{"line":25,"column":29}},"loc":{"start":{"line":25,"column":40},"end":{"line":25,"column":78}}},"4":{"name":"countByStatus","decl":{"start":{"line":29,"column":16},"end":{"line":29,"column":29}},"loc":{"start":{"line":29,"column":63},"end":{"line":33,"column":1}}},"5":{"name":"(anonymous_5)","decl":{"start":{"line":30,"column":34},"end":{"line":30,"column":35}},"loc":{"start":{"line":30,"column":43},"end":{"line":30,"column":64}}}},"branchMap":{"0":{"loc":{"start":{"line":4,"column":2},"end":{"line":6,"column":3}},"type":"if","locations":[{"start":{"line":4,"column":2},"end":{"line":6,"column":3}},{"start":{},"end":{}}]},"1":{"loc":{"start":{"line":4,"column":6},"end":{"line":4,"column":43}},"type":"binary-expr","locations":[{"start":{"line":4,"column":6},"end":{"line":4,"column":25}},{"start":{"line":4,"column":29},"end":{"line":4,"column":43}}]},"2":{"loc":{"start":{"line":9,"column":22},"end":{"line":9,"column":75}},"type":"cond-expr","locations":[{"start":{"line":9,"column":34},"end":{"line":9,"column":54}},{"start":{"line":9,"column":57},"end":{"line":9,"column":75}}]},"3":{"loc":{"start":{"line":22,"column":2},"end":{"line":24,"column":3}},"type":"if","locations":[{"start":{"line":22,"column":2},"end":{"line":24,"column":3}},{"start":{},"end":{}}]},"4":{"loc":{"start":{"line":22,"column":6},"end":{"line":22,"column":43}},"type":"binary-expr","locations":[{"start":{"line":22,"column":6},"end":{"line":22,"column":25}},{"start":{"line":22,"column":29},"end":{"line":22,"column":43}}]}},"s":{"0":1,"1":1,"2":1,"3":1,"4":2,"5":0,"6":2,"7":4,"8":4,"9":2,"10":1,"11":0,"12":1,"13":2,"14":1,"15":1,"16":2,"17":1,"18":1},"f":{"0":2,"1":4,"2":1,"3":2,"4":1,"5":2},"b":{"0":[0,2],"1":[2,2],"2":[4,0],"3":[0,1],"4":[1,1]}}
,"D:\\КУРСЫ NODE\\JS_TS\\src\\6\\todo-api (1).ts": {"path":"D:\\КУРСЫ NODE\\JS_TS\\src\\6\\todo-api (1).ts","statementMap":{"0":{"start":{"line":4,"column":26},"end":{"line":4,"column":28}},"1":{"start":{"line":5,"column":19},"end":{"line":5,"column":20}},"2":{"start":{"line":8,"column":23},"end":{"line":8,"column":48}},"3":{"start":{"line":9,"column":28},"end":{"line":14,"column":6}},"4":{"start":{"line":10,"column":6},"end":{"line":13,"column":21}},"5":{"start":{"line":11,"column":23},"end":{"line":11,"column":41}},"6":{"start":{"line":12,"column":8},"end":{"line":12,"column":24}},"7":{"start":{"line":15,"column":4},"end":{"line":15,"column":19}},"8":{"start":{"line":19,"column":23},"end":{"line":19,"column":48}},"9":{"start":{"line":20,"column":26},"end":{"line":30,"column":6}},"10":{"start":{"line":21,"column":6},"end":{"line":29,"column":21}},"11":{"start":{"line":22,"column":25},"end":{"line":26,"column":10}},"12":{"start":{"line":27,"column":8},"end":{"line":27,"column":34}},"13":{"start":{"line":28,"column":8},"end":{"line":28,"column":26}},"14":{"start":{"line":31,"column":4},"end":{"line":31,"column":19}},"15":{"start":{"line":38,"column":23},"end":{"line":38,"column":48}},"16":{"start":{"line":39,"column":26},"end":{"line":54,"column":6}},"17":{"start":{"line":40,"column":6},"end":{"line":53,"column":21}},"18":{"start":{"line":41,"column":20},"end":{"line":41,"column":72}},"19":{"start":{"line":41,"column":54},"end":{"line":41,"column":71}},"20":{"start":{"line":42,"column":8},"end":{"line":45,"column":9}},"21":{"start":{"line":43,"column":10},"end":{"line":43,"column":44}},"22":{"start":{"line":44,"column":10},"end":{"line":44,"column":17}},"23":{"start":{"line":46,"column":21},"end":{"line":46,"column":38}},"24":{"start":{"line":47,"column":24},"end":{"line":50,"column":18}},"25":{"start":{"line":51,"column":8},"end":{"line":51,"column":36}},"26":{"start":{"line":52,"column":8},"end":{"line":52,"column":25}},"27":{"start":{"line":55,"column":4},"end":{"line":55,"column":19}},"28":{"start":{"line":59,"column":23},"end":{"line":59,"column":48}},"29":{"start":{"line":60,"column":4},"end":{"line":70,"column":7}},"30":{"start":{"line":61,"column":6},"end":{"line":69,"column":21}},"31":{"start":{"line":62,"column":20},"end":{"line":62,"column":72}},"32":{"start":{"line":62,"column":54},"end":{"line":62,"column":71}},"33":{"start":{"line":63,"column":8},"end":{"line":66,"column":9}},"34":{"start":{"line":64,"column":10},"end":{"line":64,"column":44}},"35":{"start":{"line":65,"column":10},"end":{"line":65,"column":17}},"36":{"start":{"line":67,"column":8},"end":{"line":67,"column":36}},"37":{"start":{"line":68,"column":8},"end":{"line":68,"column":18}},"38":{"start":{"line":3,"column":0},"end":{"line":3,"column":13}},"39":{"start":{"line":76,"column":4},"end":{"line":76,"column":43}},"40":{"start":{"line":77,"column":4},"end":{"line":77,"column":36}},"41":{"start":{"line":74,"column":0},"end":{"line":74,"column":13}}},"fnMap":{"0":{"name":"(anonymous_0)","decl":{"start":{"line":7,"column":2},"end":{"line":7,"column":7}},"loc":{"start":{"line":7,"column":14},"end":{"line":16,"column":3}}},"1":{"name":"(anonymous_1)","decl":{"start":{"line":9,"column":46},"end":{"line":9,"column":47}},"loc":{"start":{"line":9,"column":58},"end":{"line":14,"column":5}}},"2":{"name":"(anonymous_2)","decl":{"start":{"line":10,"column":17},"end":{"line":10,"column":20}},"loc":{"start":{"line":10,"column":22},"end":{"line":13,"column":7}}},"3":{"name":"(anonymous_3)","decl":{"start":{"line":18,"column":2},"end":{"line":18,"column":7}},"loc":{"start":{"line":18,"column":28},"end":{"line":32,"column":3}}},"4":{"name":"(anonymous_4)","decl":{"start":{"line":20,"column":44},"end":{"line":20,"column":45}},"loc":{"start":{"line":20,"column":56},"end":{"line":30,"column":5}}},"5":{"name":"(anonymous_5)","decl":{"start":{"line":21,"column":17},"end":{"line":21,"column":20}},"loc":{"start":{"line":21,"column":22},"end":{"line":29,"column":7}}},"6":{"name":"(anonymous_6)","decl":{"start":{"line":34,"column":2},"end":{"line":34,"column":7}},"loc":{"start":{"line":36,"column":51},"end":{"line":56,"column":3}}},"7":{"name":"(anonymous_7)","decl":{"start":{"line":39,"column":44},"end":{"line":39,"column":45}},"loc":{"start":{"line":39,"column":64},"end":{"line":54,"column":5}}},"8":{"name":"(anonymous_8)","decl":{"start":{"line":40,"column":17},"end":{"line":40,"column":20}},"loc":{"start":{"line":40,"column":22},"end":{"line":53,"column":7}}},"9":{"name":"(anonymous_9)","decl":{"start":{"line":41,"column":41},"end":{"line":41,"column":42}},"loc":{"start":{"line":41,"column":54},"end":{"line":41,"column":71}}},"10":{"name":"(anonymous_10)","decl":{"start":{"line":58,"column":2},"end":{"line":58,"column":7}},"loc":{"start":{"line":58,"column":25},"end":{"line":71,"column":3}}},"11":{"name":"(anonymous_11)","decl":{"start":{"line":60,"column":29},"end":{"line":60,"column":30}},"loc":{"start":{"line":60,"column":49},"end":{"line":70,"column":5}}},"12":{"name":"(anonymous_12)","decl":{"start":{"line":61,"column":17},"end":{"line":61,"column":20}},"loc":{"start":{"line":61,"column":22},"end":{"line":69,"column":7}}},"13":{"name":"(anonymous_13)","decl":{"start":{"line":62,"column":41},"end":{"line":62,"column":42}},"loc":{"start":{"line":62,"column":54},"end":{"line":62,"column":71}}},"14":{"name":"(anonymous_14)","decl":{"start":{"line":75,"column":2},"end":{"line":75,"column":14}},"loc":{"start":{"line":75,"column":24},"end":{"line":78,"column":3}}}},"branchMap":{"0":{"loc":{"start":{"line":42,"column":8},"end":{"line":45,"column":9}},"type":"if","locations":[{"start":{"line":42,"column":8},"end":{"line":45,"column":9}},{"start":{},"end":{}}]},"1":{"loc":{"start":{"line":63,"column":8},"end":{"line":66,"column":9}},"type":"if","locations":[{"start":{"line":63,"column":8},"end":{"line":66,"column":9}},{"start":{},"end":{}}]}},"s":{"0":1,"1":1,"2":4,"3":4,"4":4,"5":4,"6":4,"7":4,"8":1,"9":1,"10":1,"11":1,"12":1,"13":1,"14":1,"15":1,"16":1,"17":1,"18":1,"19":1,"20":1,"21":0,"22":0,"23":1,"24":1,"25":1,"26":1,"27":1,"28":1,"29":1,"30":1,"31":1,"32":1,"33":1,"34":0,"35":0,"36":1,"37":1,"38":1,"39":0,"40":0,"41":1},"f":{"0":4,"1":4,"2":4,"3":1,"4":1,"5":1,"6":1,"7":1,"8":1,"9":1,"10":1,"11":1,"12":1,"13":1,"14":0},"b":{"0":[0,1],"1":[0,1]}}
,"D:\\КУРСЫ NODE\\JS_TS\\src\\7\\repository.ts": {"path":"D:\\КУРСЫ NODE\\JS_TS\\src\\7\\repository.ts","statementMap":{"0":{"start":{"line":3,"column":23},"end":{"line":3,"column":25}},"1":{"start":{"line":7,"column":6},"end":{"line":9,"column":11}},"2":{"start":{"line":8,"column":47},"end":{"line":8,"column":54}},"3":{"start":{"line":10,"column":16},"end":{"line":10,"column":25}},"4":{"start":{"line":12,"column":25},"end":{"line":15,"column":11}},"5":{"start":{"line":17,"column":4},"end":{"line":17,"column":34}},"6":{"start":{"line":18,"column":4},"end":{"line":18,"column":24}},"7":{"start":{"line":22,"column":16},"end":{"line":22,"column":68}},"8":{"start":{"line":22,"column":50},"end":{"line":22,"column":67}},"9":{"start":{"line":23,"column":4},"end":{"line":25,"column":5}},"10":{"start":{"line":24,"column":6},"end":{"line":24,"column":40}},"11":{"start":{"line":26,"column":20},"end":{"line":26,"column":37}},"12":{"start":{"line":27,"column":17},"end":{"line":27,"column":46}},"13":{"start":{"line":28,"column":4},"end":{"line":28,"column":31}},"14":{"start":{"line":29,"column":4},"end":{"line":29,"column":18}},"15":{"start":{"line":33,"column":16},"end":{"line":33,"column":62}},"16":{"start":{"line":33,"column":47},"end":{"line":33,"column":61}},"17":{"start":{"line":34,"column":4},"end":{"line":36,"column":5}},"18":{"start":{"line":35,"column":6},"end":{"line":35,"column":40}},"19":{"start":{"line":37,"column":4},"end":{"line":37,"column":32}},"20":{"start":{"line":41,"column":18},"end":{"line":41,"column":59}},"21":{"start":{"line":41,"column":44},"end":{"line":41,"column":58}},"22":{"start":{"line":42,"column":4},"end":{"line":42,"column":19}},"23":{"start":{"line":46,"column":4},"end":{"line":46,"column":30}},"24":{"start":{"line":1,"column":0},"end":{"line":1,"column":13}},"25":{"start":{"line":52,"column":4},"end":{"line":52,"column":45}},"26":{"start":{"line":53,"column":4},"end":{"line":53,"column":36}},"27":{"start":{"line":50,"column":0},"end":{"line":50,"column":13}}},"fnMap":{"0":{"name":"(anonymous_0)","decl":{"start":{"line":5,"column":2},"end":{"line":5,"column":5}},"loc":{"start":{"line":5,"column":15},"end":{"line":19,"column":3}}},"1":{"name":"(anonymous_1)","decl":{"start":{"line":8,"column":37},"end":{"line":8,"column":38}},"loc":{"start":{"line":8,"column":47},"end":{"line":8,"column":54}}},"2":{"name":"(anonymous_2)","decl":{"start":{"line":21,"column":2},"end":{"line":21,"column":8}},"loc":{"start":{"line":21,"column":38},"end":{"line":30,"column":3}}},"3":{"name":"(anonymous_3)","decl":{"start":{"line":22,"column":37},"end":{"line":22,"column":38}},"loc":{"start":{"line":22,"column":50},"end":{"line":22,"column":67}}},"4":{"name":"(anonymous_4)","decl":{"start":{"line":32,"column":2},"end":{"line":32,"column":8}},"loc":{"start":{"line":32,"column":19},"end":{"line":38,"column":3}}},"5":{"name":"(anonymous_5)","decl":{"start":{"line":33,"column":37},"end":{"line":33,"column":38}},"loc":{"start":{"line":33,"column":47},"end":{"line":33,"column":61}}},"6":{"name":"(anonymous_6)","decl":{"start":{"line":40,"column":2},"end":{"line":40,"column":10}},"loc":{"start":{"line":40,"column":21},"end":{"line":43,"column":3}}},"7":{"name":"(anonymous_7)","decl":{"start":{"line":41,"column":34},"end":{"line":41,"column":35}},"loc":{"start":{"line":41,"column":44},"end":{"line":41,"column":58}}},"8":{"name":"(anonymous_8)","decl":{"start":{"line":45,"column":2},"end":{"line":45,"column":9}},"loc":{"start":{"line":45,"column":9},"end":{"line":47,"column":3}}},"9":{"name":"(anonymous_9)","decl":{"start":{"line":51,"column":2},"end":{"line":51,"column":14}},"loc":{"start":{"line":51,"column":24},"end":{"line":54,"column":3}}}},"branchMap":{"0":{"loc":{"start":{"line":7,"column":6},"end":{"line":9,"column":11}},"type":"cond-expr","locations":[{"start":{"line":8,"column":10},"end":{"line":8,"column":56}},{"start":{"line":9,"column":10},"end":{"line":9,"column":11}}]},"1":{"loc":{"start":{"line":23,"column":4},"end":{"line":25,"column":5}},"type":"if","locations":[{"start":{"line":23,"column":4},"end":{"line":25,"column":5}},{"start":{},"end":{}}]},"2":{"loc":{"start":{"line":34,"column":4},"end":{"line":36,"column":5}},"type":"if","locations":[{"start":{"line":34,"column":4},"end":{"line":36,"column":5}},{"start":{},"end":{}}]}},"s":{"0":2,"1":3,"2":1,"3":3,"4":3,"5":3,"6":3,"7":3,"8":3,"9":3,"10":1,"11":2,"12":2,"13":2,"14":2,"15":2,"16":3,"17":2,"18":1,"19":1,"20":3,"21":3,"22":3,"23":4,"24":3,"25":2,"26":2,"27":3},"f":{"0":3,"1":1,"2":3,"3":3,"4":2,"5":3,"6":3,"7":3,"8":4,"9":2},"b":{"0":[1,2],"1":[1,2],"2":[1,1]}}
,"D:\\КУРСЫ NODE\\JS_TS\\src\\7\\todo-api.ts": {"path":"D:\\КУРСЫ NODE\\JS_TS\\src\\7\\todo-api.ts","statementMap":{"0":{"start":{"line":1,"column":0},"end":{"line":1,"column":71}},"1":{"start":{"line":5,"column":17},"end":{"line":5,"column":47}},"2":{"start":{"line":8,"column":23},"end":{"line":8,"column":48}},"3":{"start":{"line":9,"column":28},"end":{"line":14,"column":6}},"4":{"start":{"line":10,"column":6},"end":{"line":13,"column":21}},"5":{"start":{"line":11,"column":25},"end":{"line":11,"column":44}},"6":{"start":{"line":12,"column":8},"end":{"line":12,"column":26}},"7":{"start":{"line":15,"column":4},"end":{"line":15,"column":19}},"8":{"start":{"line":19,"column":23},"end":{"line":19,"column":48}},"9":{"start":{"line":20,"column":26},"end":{"line":30,"column":6}},"10":{"start":{"line":21,"column":6},"end":{"line":29,"column":21}},"11":{"start":{"line":22,"column":25},"end":{"line":26,"column":10}},"12":{"start":{"line":27,"column":25},"end":{"line":27,"column":48}},"13":{"start":{"line":28,"column":8},"end":{"line":28,"column":26}},"14":{"start":{"line":31,"column":4},"end":{"line":31,"column":19}},"15":{"start":{"line":38,"column":23},"end":{"line":38,"column":48}},"16":{"start":{"line":39,"column":26},"end":{"line":52,"column":6}},"17":{"start":{"line":40,"column":6},"end":{"line":51,"column":21}},"18":{"start":{"line":41,"column":8},"end":{"line":50,"column":9}},"19":{"start":{"line":42,"column":30},"end":{"line":42,"column":58}},"20":{"start":{"line":43,"column":10},"end":{"line":43,"column":31}},"21":{"start":{"line":45,"column":10},"end":{"line":49,"column":11}},"22":{"start":{"line":46,"column":12},"end":{"line":46,"column":48}},"23":{"start":{"line":48,"column":12},"end":{"line":48,"column":29}},"24":{"start":{"line":53,"column":4},"end":{"line":53,"column":19}},"25":{"start":{"line":57,"column":23},"end":{"line":57,"column":48}},"26":{"start":{"line":58,"column":4},"end":{"line":71,"column":7}},"27":{"start":{"line":59,"column":6},"end":{"line":70,"column":21}},"28":{"start":{"line":60,"column":8},"end":{"line":69,"column":9}},"29":{"start":{"line":61,"column":30},"end":{"line":61,"column":50}},"30":{"start":{"line":62,"column":10},"end":{"line":62,"column":31}},"31":{"start":{"line":64,"column":10},"end":{"line":68,"column":11}},"32":{"start":{"line":65,"column":12},"end":{"line":65,"column":48}},"33":{"start":{"line":67,"column":12},"end":{"line":67,"column":29}},"34":{"start":{"line":4,"column":0},"end":{"line":4,"column":13}}},"fnMap":{"0":{"name":"(anonymous_0)","decl":{"start":{"line":7,"column":2},"end":{"line":7,"column":7}},"loc":{"start":{"line":7,"column":14},"end":{"line":16,"column":3}}},"1":{"name":"(anonymous_1)","decl":{"start":{"line":9,"column":46},"end":{"line":9,"column":47}},"loc":{"start":{"line":9,"column":58},"end":{"line":14,"column":5}}},"2":{"name":"(anonymous_2)","decl":{"start":{"line":10,"column":17},"end":{"line":10,"column":20}},"loc":{"start":{"line":10,"column":22},"end":{"line":13,"column":7}}},"3":{"name":"(anonymous_3)","decl":{"start":{"line":18,"column":2},"end":{"line":18,"column":7}},"loc":{"start":{"line":18,"column":28},"end":{"line":32,"column":3}}},"4":{"name":"(anonymous_4)","decl":{"start":{"line":20,"column":44},"end":{"line":20,"column":45}},"loc":{"start":{"line":20,"column":56},"end":{"line":30,"column":5}}},"5":{"name":"(anonymous_5)","decl":{"start":{"line":21,"column":17},"end":{"line":21,"column":20}},"loc":{"start":{"line":21,"column":22},"end":{"line":29,"column":7}}},"6":{"name":"(anonymous_6)","decl":{"start":{"line":34,"column":2},"end":{"line":34,"column":7}},"loc":{"start":{"line":36,"column":51},"end":{"line":54,"column":3}}},"7":{"name":"(anonymous_7)","decl":{"start":{"line":39,"column":44},"end":{"line":39,"column":45}},"loc":{"start":{"line":39,"column":64},"end":{"line":52,"column":5}}},"8":{"name":"(anonymous_8)","decl":{"start":{"line":40,"column":17},"end":{"line":40,"column":20}},"loc":{"start":{"line":40,"column":22},"end":{"line":51,"column":7}}},"9":{"name":"(anonymous_9)","decl":{"start":{"line":56,"column":2},"end":{"line":56,"column":7}},"loc":{"start":{"line":56,"column":25},"end":{"line":72,"column":3}}},"10":{"name":"(anonymous_10)","decl":{"start":{"line":58,"column":29},"end":{"line":58,"column":30}},"loc":{"start":{"line":58,"column":49},"end":{"line":71,"column":5}}},"11":{"name":"(anonymous_11)","decl":{"start":{"line":59,"column":17},"end":{"line":59,"column":20}},"loc":{"start":{"line":59,"column":22},"end":{"line":70,"column":7}}}},"branchMap":{"0":{"loc":{"start":{"line":45,"column":10},"end":{"line":49,"column":11}},"type":"if","locations":[{"start":{"line":45,"column":10},"end":{"line":49,"column":11}},{"start":{"line":47,"column":17},"end":{"line":49,"column":11}}]},"1":{"loc":{"start":{"line":64,"column":10},"end":{"line":68,"column":11}},"type":"if","locations":[{"start":{"line":64,"column":10},"end":{"line":68,"column":11}},{"start":{"line":66,"column":17},"end":{"line":68,"column":11}}]}},"s":{"0":2,"1":1,"2":3,"3":3,"4":3,"5":3,"6":3,"7":3,"8":1,"9":1,"10":1,"11":1,"12":1,"13":1,"14":1,"15":1,"16":1,"17":1,"18":1,"19":1,"20":1,"21":0,"22":0,"23":0,"24":1,"25":0,"26":0,"27":0,"28":0,"29":0,"30":0,"31":0,"32":0,"33":0,"34":2},"f":{"0":3,"1":3,"2":3,"3":1,"4":1,"5":1,"6":1,"7":1,"8":1,"9":0,"10":0,"11":0},"b":{"0":[0,0],"1":[0,0]}}
,"D:\\КУРСЫ NODE\\JS_TS\\src\\8\\todo-service.ts": {"path":"D:\\КУРСЫ NODE\\JS_TS\\src\\8\\todo-service.ts","statementMap":{"0":{"start":{"line":2,"column":0},"end":{"line":2,"column":45}},"1":{"start":{"line":5,"column":31},"end":{"line":5,"column":43}},"2":{"start":{"line":8,"column":4},"end":{"line":17,"column":5}},"3":{"start":{"line":9,"column":6},"end":{"line":9,"column":35}},"4":{"start":{"line":11,"column":21},"end":{"line":15,"column":8}},"5":{"start":{"line":16,"column":6},"end":{"line":16,"column":20}},"6":{"start":{"line":21,"column":4},"end":{"line":37,"column":5}},"7":{"start":{"line":22,"column":6},"end":{"line":22,"column":42}},"8":{"start":{"line":24,"column":20},"end":{"line":24,"column":37}},"9":{"start":{"line":25,"column":24},"end":{"line":25,"column":70}},"10":{"start":{"line":25,"column":55},"end":{"line":25,"column":69}},"11":{"start":{"line":26,"column":6},"end":{"line":36,"column":7}},"12":{"start":{"line":27,"column":8},"end":{"line":27,"column":53}},"13":{"start":{"line":30,"column":8},"end":{"line":34,"column":9}},"14":{"start":{"line":31,"column":10},"end":{"line":31,"column":41}},"15":{"start":{"line":33,"column":10},"end":{"line":33,"column":43}},"16":{"start":{"line":35,"column":8},"end":{"line":35,"column":58}},"17":{"start":{"line":41,"column":18},"end":{"line":41,"column":35}},"18":{"start":{"line":42,"column":4},"end":{"line":53,"column":5}},"19":{"start":{"line":43,"column":6},"end":{"line":43,"column":21}},"20":{"start":{"line":45,"column":27},"end":{"line":45,"column":55}},"21":{"start":{"line":46,"column":21},"end":{"line":51,"column":8}},"22":{"start":{"line":47,"column":24},"end":{"line":47,"column":77}},"23":{"start":{"line":49,"column":10},"end":{"line":49,"column":75}},"24":{"start":{"line":50,"column":8},"end":{"line":50,"column":40}},"25":{"start":{"line":52,"column":6},"end":{"line":52,"column":20}},"26":{"start":{"line":4,"column":0},"end":{"line":4,"column":13}}},"fnMap":{"0":{"name":"(anonymous_0)","decl":{"start":{"line":5,"column":2},"end":{"line":5,"column":31}},"loc":{"start":{"line":5,"column":43},"end":{"line":5,"column":47}}},"1":{"name":"(anonymous_1)","decl":{"start":{"line":7,"column":2},"end":{"line":7,"column":7}},"loc":{"start":{"line":7,"column":46},"end":{"line":18,"column":3}}},"2":{"name":"(anonymous_2)","decl":{"start":{"line":20,"column":2},"end":{"line":20,"column":7}},"loc":{"start":{"line":20,"column":31},"end":{"line":38,"column":3}}},"3":{"name":"(anonymous_3)","decl":{"start":{"line":25,"column":45},"end":{"line":25,"column":46}},"loc":{"start":{"line":25,"column":55},"end":{"line":25,"column":69}}},"4":{"name":"(anonymous_4)","decl":{"start":{"line":40,"column":2},"end":{"line":40,"column":7}},"loc":{"start":{"line":40,"column":30},"end":{"line":54,"column":3}}},"5":{"name":"(anonymous_5)","decl":{"start":{"line":46,"column":44},"end":{"line":46,"column":45}},"loc":{"start":{"line":46,"column":53},"end":{"line":51,"column":7}}}},"branchMap":{"0":{"loc":{"start":{"line":7,"column":30},"end":{"line":7,"column":46}},"type":"default-arg","locations":[{"start":{"line":7,"column":44},"end":{"line":7,"column":46}}]},"1":{"loc":{"start":{"line":8,"column":4},"end":{"line":17,"column":5}},"type":"if","locations":[{"start":{"line":8,"column":4},"end":{"line":17,"column":5}},{"start":{"line":10,"column":11},"end":{"line":17,"column":5}}]},"2":{"loc":{"start":{"line":8,"column":8},"end":{"line":8,"column":31}},"type":"binary-expr","locations":[{"start":{"line":8,"column":8},"end":{"line":8,"column":14}},{"start":{"line":8,"column":18},"end":{"line":8,"column":31}}]},"3":{"loc":{"start":{"line":21,"column":4},"end":{"line":37,"column":5}},"type":"if","locations":[{"start":{"line":21,"column":4},"end":{"line":37,"column":5}},{"start":{"line":23,"column":11},"end":{"line":37,"column":5}}]},"4":{"loc":{"start":{"line":21,"column":8},"end":{"line":21,"column":34}},"type":"binary-expr","locations":[{"start":{"line":21,"column":8},"end":{"line":21,"column":11}},{"start":{"line":21,"column":15},"end":{"line":21,"column":24}},{"start":{"line":21,"column":28},"end":{"line":21,"column":34}}]},"5":{"loc":{"start":{"line":26,"column":6},"end":{"line":36,"column":7}},"type":"if","locations":[{"start":{"line":26,"column":6},"end":{"line":36,"column":7}},{"start":{"line":28,"column":13},"end":{"line":36,"column":7}}]},"6":{"loc":{"start":{"line":30,"column":8},"end":{"line":34,"column":9}},"type":"if","locations":[{"start":{"line":30,"column":8},"end":{"line":34,"column":9}},{"start":{"line":32,"column":15},"end":{"line":34,"column":9}}]},"7":{"loc":{"start":{"line":42,"column":4},"end":{"line":53,"column":5}},"type":"if","locations":[{"start":{"line":42,"column":4},"end":{"line":53,"column":5}},{"start":{"line":44,"column":11},"end":{"line":53,"column":5}}]},"8":{"loc":{"start":{"line":42,"column":8},"end":{"line":42,"column":35}},"type":"binary-expr","locations":[{"start":{"line":42,"column":8},"end":{"line":42,"column":16}},{"start":{"line":42,"column":20},"end":{"line":42,"column":35}}]},"9":{"loc":{"start":{"line":49,"column":49},"end":{"line":49,"column":67}},"type":"binary-expr","locations":[{"start":{"line":49,"column":49},"end":{"line":49,"column":61}},{"start":{"line":49,"column":65},"end":{"line":49,"column":67}}]},"10":{"loc":{"start":{"line":50,"column":15},"end":{"line":50,"column":39}},"type":"binary-expr","locations":[{"start":{"line":50,"column":15},"end":{"line":50,"column":22}},{"start":{"line":50,"column":26},"end":{"line":50,"column":39}}]}},"s":{"0":2,"1":11,"2":4,"3":2,"4":2,"5":2,"6":5,"7":1,"8":4,"9":4,"10":3,"11":4,"12":1,"13":3,"14":1,"15":2,"16":3,"17":7,"18":7,"19":2,"20":5,"21":5,"22":14,"23":14,"24":14,"25":5,"26":2},"f":{"0":11,"1":4,"2":5,"3":3,"4":7,"5":14},"b":{"0":[4],"1":[2,2],"2":[4,3],"3":[1,4],"4":[5,5,5],"5":[1,3],"6":[1,2],"7":[2,5],"8":[7,6],"9":[14,0],"10":[14,11]}}
}
