TN:
SF:src\1\type.ts
FN:1,(anonymous_0)
FNF:1
FNH:1
FNDA:7,(anonymous_0)
DA:1,7
DA:2,7
DA:3,7
DA:4,7
DA:17,7
DA:25,7
LF:6
LH:6
BRDA:1,0,0,7
BRDA:1,0,1,7
BRF:2
BRH:2
end_of_record
TN:
SF:src\2\array-helpers.ts
FN:5,mapArray
FN:22,filterArray
FN:41,reduceArray
FN:59,partition
FN:82,groupBy
FNF:5
FNH:5
FNDA:1,mapArray
FNDA:1,filterArray
FNDA:1,reduceArray
FNDA:1,partition
FNDA:1,groupBy
DA:5,1
DA:9,1
DA:10,0
DA:12,1
DA:13,1
DA:14,1
DA:15,4
DA:16,4
DA:19,1
DA:22,1
DA:26,1
DA:27,0
DA:30,1
DA:31,1
DA:32,1
DA:33,4
DA:34,2
DA:36,4
DA:38,1
DA:41,1
DA:46,1
DA:47,0
DA:50,1
DA:51,1
DA:52,1
DA:53,4
DA:54,4
DA:56,1
DA:59,1
DA:63,1
DA:64,0
DA:67,1
DA:68,1
DA:69,1
DA:70,1
DA:71,4
DA:72,2
DA:74,4
DA:75,2
DA:77,4
DA:79,1
DA:82,1
DA:86,1
DA:87,0
DA:90,1
DA:91,1
DA:92,3
DA:93,3
DA:94,1
DA:96,3
DA:97,2
DA:100,1
LF:52
LH:47
BRDA:9,0,0,0
BRDA:9,0,1,1
BRDA:9,1,0,1
BRDA:9,1,1,1
BRDA:26,2,0,0
BRDA:26,2,1,1
BRDA:26,3,0,1
BRDA:26,3,1,1
BRDA:33,4,0,2
BRDA:33,4,1,2
BRDA:46,5,0,0
BRDA:46,5,1,1
BRDA:46,6,0,1
BRDA:46,6,1,1
BRDA:63,7,0,0
BRDA:63,7,1,1
BRDA:63,8,0,1
BRDA:63,8,1,1
BRDA:71,9,0,2
BRDA:71,9,1,2
BRDA:74,10,0,2
BRDA:74,10,1,2
BRDA:86,11,0,0
BRDA:86,11,1,1
BRDA:86,12,0,1
BRDA:86,12,1,1
BRDA:93,13,0,1
BRDA:93,13,1,2
BRDA:96,14,0,2
BRDA:96,14,1,1
BRF:30
BRH:25
end_of_record
TN:
SF:src\3\todo-factory.ts
FN:5,createTodo
FNF:1
FNH:1
FNDA:5,createTodo
DA:1,3
DA:3,3
DA:5,3
DA:6,5
DA:7,0
DA:10,5
LF:6
LH:5
BRDA:6,0,0,0
BRDA:6,0,1,5
BRDA:13,1,0,5
BRDA:13,1,1,4
BRDA:14,2,0,5
BRDA:14,2,1,5
BRF:6
BRH:5
end_of_record
TN:
SF:src\4\todo-crud.ts
FN:3,addTodo
FN:10,updateTodo
FN:18,(anonymous_2)
FN:26,removeTodo
FN:30,(anonymous_4)
FN:33,getTodo
FN:34,(anonymous_6)
FNF:7
FNH:7
FNDA:4,addTodo
FNDA:1,updateTodo
FNDA:1,(anonymous_2)
FNDA:1,removeTodo
FNDA:1,(anonymous_4)
FNDA:1,getTodo
FNDA:1,(anonymous_6)
DA:3,1
DA:4,4
DA:5,0
DA:7,4
DA:10,1
DA:15,1
DA:16,0
DA:18,1
DA:19,1
DA:20,1
DA:22,0
DA:26,1
DA:27,1
DA:28,0
DA:30,1
DA:33,1
DA:34,1
LF:17
LH:13
BRDA:4,0,0,0
BRDA:4,0,1,4
BRDA:4,1,0,4
BRDA:4,1,1,4
BRDA:15,2,0,0
BRDA:15,2,1,1
BRDA:15,3,0,1
BRDA:15,3,1,1
BRDA:19,4,0,1
BRDA:19,4,1,0
BRDA:27,5,0,0
BRDA:27,5,1,1
BRDA:27,6,0,1
BRDA:27,6,1,1
BRF:14
BRH:10
end_of_record
TN:
SF:src\5\todo-bulk.ts
FN:3,toggleAll
FN:8,(anonymous_1)
FN:21,clearCompleted
FN:25,(anonymous_3)
FN:29,countByStatus
FN:30,(anonymous_5)
FNF:6
FNH:6
FNDA:2,toggleAll
FNDA:4,(anonymous_1)
FNDA:1,clearCompleted
FNDA:2,(anonymous_3)
FNDA:1,countByStatus
FNDA:2,(anonymous_5)
DA:1,1
DA:3,1
DA:4,2
DA:5,0
DA:8,2
DA:9,4
DA:10,4
DA:18,2
DA:21,1
DA:22,1
DA:23,0
DA:25,2
DA:26,1
DA:29,1
DA:30,2
DA:31,1
DA:32,1
LF:17
LH:15
BRDA:4,0,0,0
BRDA:4,0,1,2
BRDA:4,1,0,2
BRDA:4,1,1,2
BRDA:9,2,0,4
BRDA:9,2,1,0
BRDA:22,3,0,0
BRDA:22,3,1,1
BRDA:22,4,0,1
BRDA:22,4,1,1
BRF:10
BRH:7
end_of_record
TN:
SF:src\6\todo-api (1).ts
FN:7,(anonymous_0)
FN:9,(anonymous_1)
FN:10,(anonymous_2)
FN:18,(anonymous_3)
FN:20,(anonymous_4)
FN:21,(anonymous_5)
FN:34,(anonymous_6)
FN:39,(anonymous_7)
FN:40,(anonymous_8)
FN:41,(anonymous_9)
FN:58,(anonymous_10)
FN:60,(anonymous_11)
FN:61,(anonymous_12)
FN:62,(anonymous_13)
FN:75,(anonymous_14)
FNF:15
FNH:14
FNDA:4,(anonymous_0)
FNDA:4,(anonymous_1)
FNDA:4,(anonymous_2)
FNDA:1,(anonymous_3)
FNDA:1,(anonymous_4)
FNDA:1,(anonymous_5)
FNDA:1,(anonymous_6)
FNDA:1,(anonymous_7)
FNDA:1,(anonymous_8)
FNDA:1,(anonymous_9)
FNDA:1,(anonymous_10)
FNDA:1,(anonymous_11)
FNDA:1,(anonymous_12)
FNDA:1,(anonymous_13)
FNDA:0,(anonymous_14)
DA:3,1
DA:4,1
DA:5,1
DA:8,4
DA:9,4
DA:10,4
DA:11,4
DA:12,4
DA:15,4
DA:19,1
DA:20,1
DA:21,1
DA:22,1
DA:27,1
DA:28,1
DA:31,1
DA:38,1
DA:39,1
DA:40,1
DA:41,1
DA:42,1
DA:43,0
DA:44,0
DA:46,1
DA:47,1
DA:51,1
DA:52,1
DA:55,1
DA:59,1
DA:60,1
DA:61,1
DA:62,1
DA:63,1
DA:64,0
DA:65,0
DA:67,1
DA:68,1
DA:74,1
DA:76,0
DA:77,0
LF:40
LH:34
BRDA:42,0,0,0
BRDA:42,0,1,1
BRDA:63,1,0,0
BRDA:63,1,1,1
BRF:4
BRH:2
end_of_record
TN:
SF:src\7\repository.ts
FN:5,(anonymous_0)
FN:8,(anonymous_1)
FN:21,(anonymous_2)
FN:22,(anonymous_3)
FN:32,(anonymous_4)
FN:33,(anonymous_5)
FN:40,(anonymous_6)
FN:41,(anonymous_7)
FN:45,(anonymous_8)
FN:51,(anonymous_9)
FNF:10
FNH:10
FNDA:3,(anonymous_0)
FNDA:1,(anonymous_1)
FNDA:3,(anonymous_2)
FNDA:3,(anonymous_3)
FNDA:2,(anonymous_4)
FNDA:3,(anonymous_5)
FNDA:3,(anonymous_6)
FNDA:3,(anonymous_7)
FNDA:4,(anonymous_8)
FNDA:2,(anonymous_9)
DA:1,3
DA:3,2
DA:7,3
DA:8,1
DA:10,3
DA:12,3
DA:17,3
DA:18,3
DA:22,3
DA:23,3
DA:24,1
DA:26,2
DA:27,2
DA:28,2
DA:29,2
DA:33,3
DA:34,2
DA:35,1
DA:37,1
DA:41,3
DA:42,3
DA:46,4
DA:50,3
DA:52,2
DA:53,2
LF:25
LH:25
BRDA:7,0,0,1
BRDA:7,0,1,2
BRDA:23,1,0,1
BRDA:23,1,1,2
BRDA:34,2,0,1
BRDA:34,2,1,1
BRF:6
BRH:6
end_of_record
TN:
SF:src\7\todo-api.ts
FN:7,(anonymous_0)
FN:9,(anonymous_1)
FN:10,(anonymous_2)
FN:18,(anonymous_3)
FN:20,(anonymous_4)
FN:21,(anonymous_5)
FN:34,(anonymous_6)
FN:39,(anonymous_7)
FN:40,(anonymous_8)
FN:56,(anonymous_9)
FN:58,(anonymous_10)
FN:59,(anonymous_11)
FNF:12
FNH:9
FNDA:3,(anonymous_0)
FNDA:3,(anonymous_1)
FNDA:3,(anonymous_2)
FNDA:1,(anonymous_3)
FNDA:1,(anonymous_4)
FNDA:1,(anonymous_5)
FNDA:1,(anonymous_6)
FNDA:1,(anonymous_7)
FNDA:1,(anonymous_8)
FNDA:0,(anonymous_9)
FNDA:0,(anonymous_10)
FNDA:0,(anonymous_11)
DA:1,2
DA:4,2
DA:5,1
DA:8,3
DA:9,3
DA:10,3
DA:11,3
DA:12,3
DA:15,3
DA:19,1
DA:20,1
DA:21,1
DA:22,1
DA:27,1
DA:28,1
DA:31,1
DA:38,1
DA:39,1
DA:40,1
DA:41,1
DA:42,1
DA:43,1
DA:45,0
DA:46,0
DA:48,0
DA:53,1
DA:57,0
DA:58,0
DA:59,0
DA:60,0
DA:61,0
DA:62,0
DA:64,0
DA:65,0
DA:67,0
LF:35
LH:23
BRDA:45,0,0,0
BRDA:45,0,1,0
BRDA:64,1,0,0
BRDA:64,1,1,0
BRF:4
BRH:0
end_of_record
TN:
SF:src\8\todo-service.ts
FN:5,(anonymous_0)
FN:7,(anonymous_1)
FN:20,(anonymous_2)
FN:25,(anonymous_3)
FN:40,(anonymous_4)
FN:46,(anonymous_5)
FNF:6
FNH:6
FNDA:11,(anonymous_0)
FNDA:4,(anonymous_1)
FNDA:5,(anonymous_2)
FNDA:3,(anonymous_3)
FNDA:7,(anonymous_4)
FNDA:14,(anonymous_5)
DA:2,2
DA:4,2
DA:5,11
DA:8,4
DA:9,2
DA:11,2
DA:16,2
DA:21,5
DA:22,1
DA:24,4
DA:25,4
DA:26,4
DA:27,1
DA:30,3
DA:31,1
DA:33,2
DA:35,3
DA:41,7
DA:42,7
DA:43,2
DA:45,5
DA:46,5
DA:47,14
DA:49,14
DA:50,14
DA:52,5
LF:26
LH:26
BRDA:7,0,0,4
BRDA:8,1,0,2
BRDA:8,1,1,2
BRDA:8,2,0,4
BRDA:8,2,1,3
BRDA:21,3,0,1
BRDA:21,3,1,4
BRDA:21,4,0,5
BRDA:21,4,1,5
BRDA:21,4,2,5
BRDA:26,5,0,1
BRDA:26,5,1,3
BRDA:30,6,0,1
BRDA:30,6,1,2
BRDA:42,7,0,2
BRDA:42,7,1,5
BRDA:42,8,0,7
BRDA:42,8,1,6
BRDA:49,9,0,14
BRDA:49,9,1,0
BRDA:50,10,0,14
BRDA:50,10,1,11
BRF:22
BRH:21
end_of_record
